2026-03-03 18:00:10,713 [INFO] ============================================================
2026-03-03 18:00:10,713 [INFO] CAN SLIM Nightly Scan v4.0.1 — 2026-03-03 18:00 UTC
2026-03-03 18:00:10,843 [WARNING] Wikipedia no disponible: HTTP Error 403: Forbidden
2026-03-03 18:00:10,844 [INFO] Universo: 480 tickers
2026-03-03 18:00:10,844 [INFO] PASO 1/4 — Historico batch...
2026-03-03 18:00:10,846 [INFO] Failed to create TzCache, reason: Error creating TzCache folder: '/home/runner/.cache/py-yfinance' reason: [Errno 17] File exists: '/home/runner/.cache/py-yfinance'. TzCache will not be used. Tip: You can direct cache to use a different location with 'set_tz_cache_location(mylocation)'
2026-03-03 18:00:13,888 [INFO]   Batch 1 — 50 descargados
2026-03-03 18:00:16,391 [INFO]   Batch 2 — 100 descargados
2026-03-03 18:00:19,203 [INFO]   Batch 3 — 150 descargados
2026-03-03 18:00:22,480 [INFO]   Batch 4 — 200 descargados
2026-03-03 18:00:27,270 [INFO]   Batch 5 — 250 descargados
2026-03-03 18:00:29,971 [INFO]   Batch 6 — 300 descargados
2026-03-03 18:00:33,225 [INFO]   Batch 7 — 350 descargados
2026-03-03 18:00:37,762 [INFO]   Batch 8 — 400 descargados
2026-03-03 18:00:41,342 [INFO]   Batch 9 — 450 descargados
2026-03-03 18:00:42,967 [INFO]   Batch 10 — 480 descargados
2026-03-03 18:00:42,968 [INFO] PASO 2/4 — Info fundamental...
2026-03-03 18:01:11,847 [INFO]   Info: 50/480
2026-03-03 18:01:43,896 [INFO]   Info: 100/480
2026-03-03 18:02:14,624 [INFO]   Info: 150/480
2026-03-03 18:02:46,369 [INFO]   Info: 200/480
2026-03-03 18:03:16,601 [INFO]   Info: 250/480
2026-03-03 18:03:48,134 [INFO]   Info: 300/480
2026-03-03 18:04:19,302 [INFO]   Info: 350/480
2026-03-03 18:04:51,009 [INFO]   Info: 400/480
2026-03-03 18:05:22,122 [INFO]   Info: 450/480
2026-03-03 18:05:42,027 [INFO]   480 tickers
2026-03-03 18:05:42,027 [INFO] PASO 3/4 — Pre-filtro...
2026-03-03 18:05:42,139 [INFO]   468 tickers
2026-03-03 18:05:42,139 [INFO] PASO 3b — SPY + RS + Market Score...
2026-03-03 18:05:42,850 [INFO]   Market: 40/100 MARKET IN TRANSITION
2026-03-03 18:05:42,850 [INFO] PASO 4/4 — Scores CAN SLIM...
2026-03-03 18:05:43,012 [INFO]   50/468 — candidatos: 8
2026-03-03 18:05:43,170 [INFO]   100/468 — candidatos: 12
2026-03-03 18:05:43,329 [INFO]   150/468 — candidatos: 19
2026-03-03 18:05:43,489 [INFO]   200/468 — candidatos: 26
2026-03-03 18:05:43,649 [INFO]   250/468 — candidatos: 36
2026-03-03 18:05:43,809 [INFO]   300/468 — candidatos: 45
2026-03-03 18:05:43,969 [INFO]   350/468 — candidatos: 53
2026-03-03 18:05:44,128 [INFO]   400/468 — candidatos: 60
2026-03-03 18:05:44,288 [INFO]   450/468 — candidatos: 66
2026-03-03 18:05:44,346 [INFO] Completo: 67 candidatos
2026-03-03 18:05:44,381 [INFO] Guardado: data/scan_cache.json
2026-03-03 18:05:44,381 [INFO] Tiempo: 5.6 min — OK
2026-03-04 04:26:19,676 [INFO] ============================================================
2026-03-04 04:26:19,676 [INFO] CAN SLIM Nightly Scan v4.0.1 — 2026-03-04 04:26 UTC
2026-03-04 04:26:19,819 [WARNING] Wikipedia no disponible: HTTP Error 403: Forbidden
2026-03-04 04:26:19,820 [INFO] Universo: 480 tickers
2026-03-04 04:26:19,820 [INFO] PASO 1/4 — Historico batch...
2026-03-04 04:26:23,637 [INFO]   Batch 1 — 50 descargados
2026-03-04 04:26:27,046 [INFO]   Batch 2 — 100 descargados
2026-03-04 04:26:30,559 [INFO]   Batch 3 — 150 descargados
2026-03-04 04:26:34,431 [INFO]   Batch 4 — 200 descargados
2026-03-04 04:26:38,530 [INFO]   Batch 5 — 250 descargados
2026-03-04 04:26:42,040 [INFO]   Batch 6 — 300 descargados
2026-03-04 04:26:45,547 [INFO]   Batch 7 — 350 descargados
2026-03-04 04:26:49,399 [INFO]   Batch 8 — 400 descargados
2026-03-04 04:26:52,697 [INFO]   Batch 9 — 450 descargados
2026-03-04 04:26:55,206 [INFO]   Batch 10 — 480 descargados
2026-03-04 04:26:55,206 [INFO] PASO 2/4 — Info fundamental...
2026-03-04 04:27:25,895 [INFO]   Info: 50/480
2026-03-04 04:27:58,728 [INFO]   Info: 100/480
2026-03-04 04:28:30,836 [INFO]   Info: 150/480
2026-03-04 04:29:03,806 [INFO]   Info: 200/480
2026-03-04 04:29:36,485 [INFO]   Info: 250/480
2026-03-04 04:30:09,733 [INFO]   Info: 300/480
2026-03-04 04:30:43,053 [INFO]   Info: 350/480
2026-03-04 04:31:15,562 [INFO]   Info: 400/480
2026-03-04 04:31:49,225 [INFO]   Info: 450/480
2026-03-04 04:32:09,737 [INFO]   480 tickers
2026-03-04 04:32:09,738 [INFO] PASO 3/4 — Pre-filtro...
2026-03-04 04:32:09,820 [INFO]   468 tickers
2026-03-04 04:32:09,820 [INFO] PASO 3b — SPY + RS + Market Score...
2026-03-04 04:32:10,706 [INFO]   Market: 40/100 MARKET IN TRANSITION
2026-03-04 04:32:10,706 [INFO] PASO 4/4 — Scores CAN SLIM...
2026-03-04 04:32:10,866 [INFO]   50/468 — candidatos: 8
2026-03-04 04:32:11,025 [INFO]   100/468 — candidatos: 13
2026-03-04 04:32:11,185 [INFO]   150/468 — candidatos: 20
2026-03-04 04:32:11,344 [INFO]   200/468 — candidatos: 28
2026-03-04 04:32:11,502 [INFO]   250/468 — candidatos: 38
2026-03-04 04:32:11,660 [INFO]   300/468 — candidatos: 47
2026-03-04 04:32:11,819 [INFO]   350/468 — candidatos: 55
2026-03-04 04:32:11,978 [INFO]   400/468 — candidatos: 63
2026-03-04 04:32:12,137 [INFO]   450/468 — candidatos: 70
2026-03-04 04:32:12,194 [INFO] Completo: 71 candidatos
2026-03-04 04:32:12,218 [INFO] Guardado: data/scan_cache.json
2026-03-04 04:32:12,218 [INFO] Tiempo: 5.9 min — OK
2026-03-05 04:30:24,768 [INFO] ============================================================
2026-03-05 04:30:24,769 [INFO] CAN SLIM Nightly Scan v4.0.1 — 2026-03-05 04:30 UTC
2026-03-05 04:30:24,824 [WARNING] Wikipedia no disponible: HTTP Error 403: Forbidden
2026-03-05 04:30:24,825 [INFO] Universo: 480 tickers
2026-03-05 04:30:24,826 [INFO] PASO 1/4 — Historico batch...
2026-03-05 04:30:27,366 [INFO]   Batch 1 — 50 descargados
2026-03-05 04:30:29,626 [INFO]   Batch 2 — 100 descargados
2026-03-05 04:30:32,048 [INFO]   Batch 3 — 150 descargados
2026-03-05 04:30:37,322 [INFO]   Batch 4 — 200 descargados
2026-03-05 04:30:42,398 [INFO]   Batch 5 — 250 descargados
2026-03-05 04:30:47,969 [INFO]   Batch 6 — 300 descargados
2026-03-05 04:30:53,704 [INFO]   Batch 7 — 350 descargados
2026-03-05 04:30:59,023 [INFO]   Batch 8 — 400 descargados
2026-03-05 04:31:05,202 [INFO]   Batch 9 — 450 descargados
2026-03-05 04:31:08,116 [INFO]   Batch 10 — 480 descargados
2026-03-05 04:31:08,117 [INFO] PASO 2/4 — Info fundamental...
2026-03-05 04:31:37,894 [INFO]   Info: 50/480
2026-03-05 04:32:08,373 [INFO]   Info: 100/480
2026-03-05 04:32:39,294 [INFO]   Info: 150/480
2026-03-05 04:33:10,128 [INFO]   Info: 200/480
2026-03-05 04:33:40,852 [INFO]   Info: 250/480
2026-03-05 04:34:12,255 [INFO]   Info: 300/480
2026-03-05 04:34:42,973 [INFO]   Info: 350/480
2026-03-05 04:35:13,803 [INFO]   Info: 400/480
2026-03-05 04:35:44,886 [INFO]   Info: 450/480
2026-03-05 04:36:04,468 [INFO]   480 tickers
2026-03-05 04:36:04,468 [INFO] PASO 3/4 — Pre-filtro...
2026-03-05 04:36:04,528 [INFO]   468 tickers
2026-03-05 04:36:04,528 [INFO] PASO 3b — SPY + RS + Market Score...
2026-03-05 04:36:05,084 [INFO]   Market: 40/100 MARKET IN TRANSITION
2026-03-05 04:36:05,085 [INFO] PASO 4/4 — Scores CAN SLIM...
2026-03-05 04:36:05,217 [INFO]   50/468 — candidatos: 8
2026-03-05 04:36:05,349 [INFO]   100/468 — candidatos: 14
2026-03-05 04:36:05,482 [INFO]   150/468 — candidatos: 20
2026-03-05 04:36:05,614 [INFO]   200/468 — candidatos: 27
2026-03-05 04:36:05,746 [INFO]   250/468 — candidatos: 37
2026-03-05 04:36:05,881 [INFO]   300/468 — candidatos: 46
2026-03-05 04:36:06,013 [INFO]   350/468 — candidatos: 53
2026-03-05 04:36:06,145 [INFO]   400/468 — candidatos: 60
2026-03-05 04:36:06,276 [INFO]   450/468 — candidatos: 66
2026-03-05 04:36:06,324 [INFO] Completo: 67 candidatos
2026-03-05 04:36:06,344 [INFO] Guardado: data/scan_cache.json
2026-03-05 04:36:06,344 [INFO] Tiempo: 5.7 min — OK
2026-03-06 04:28:21,516 [INFO] ============================================================
2026-03-06 04:28:21,516 [INFO] CAN SLIM Nightly Scan v4.0.1 — 2026-03-06 04:28 UTC
2026-03-06 04:28:21,555 [WARNING] Wikipedia no disponible: HTTP Error 403: Forbidden
2026-03-06 04:28:21,555 [INFO] Universo: 480 tickers
2026-03-06 04:28:21,555 [INFO] PASO 1/4 — Historico batch...
2026-03-06 04:28:24,065 [ERROR] 
1 Failed download:
2026-03-06 04:28:24,065 [ERROR] ['ALLE']: OperationalError('database is locked')
2026-03-06 04:28:24,135 [INFO]   Batch 1 — 49 descargados
2026-03-06 04:28:26,264 [INFO]   Batch 2 — 99 descargados
2026-03-06 04:28:28,555 [INFO]   Batch 3 — 149 descargados
2026-03-06 04:28:30,814 [INFO]   Batch 4 — 199 descargados
2026-03-06 04:28:33,212 [INFO]   Batch 5 — 249 descargados
2026-03-06 04:28:35,429 [INFO]   Batch 6 — 299 descargados
2026-03-06 04:28:37,542 [INFO]   Batch 7 — 349 descargados
2026-03-06 04:28:40,639 [INFO]   Batch 8 — 399 descargados
2026-03-06 04:28:42,819 [INFO]   Batch 9 — 449 descargados
2026-03-06 04:28:44,695 [INFO]   Batch 10 — 479 descargados
2026-03-06 04:28:44,696 [INFO] PASO 2/4 — Info fundamental...
2026-03-06 04:29:14,267 [INFO]   Info: 50/480
2026-03-06 04:29:44,707 [INFO]   Info: 100/480
2026-03-06 04:30:15,060 [INFO]   Info: 150/480
2026-03-06 04:30:45,826 [INFO]   Info: 200/480
2026-03-06 04:31:15,969 [INFO]   Info: 250/480
2026-03-06 04:31:46,137 [INFO]   Info: 300/480
2026-03-06 04:32:16,668 [INFO]   Info: 350/480
2026-03-06 04:32:47,326 [INFO]   Info: 400/480
2026-03-06 04:33:17,271 [INFO]   Info: 450/480
2026-03-06 04:33:36,126 [INFO]   480 tickers
2026-03-06 04:33:36,126 [INFO] PASO 3/4 — Pre-filtro...
2026-03-06 04:33:36,212 [INFO]   467 tickers
2026-03-06 04:33:36,212 [INFO] PASO 3b — SPY + RS + Market Score...
2026-03-06 04:33:36,849 [INFO]   Market: 40/100 MARKET IN TRANSITION
2026-03-06 04:33:36,849 [INFO] PASO 4/4 — Scores CAN SLIM...
2026-03-06 04:33:37,012 [INFO]   50/467 — candidatos: 8
2026-03-06 04:33:37,173 [INFO]   100/467 — candidatos: 14
2026-03-06 04:33:37,334 [INFO]   150/467 — candidatos: 23
2026-03-06 04:33:37,495 [INFO]   200/467 — candidatos: 31
2026-03-06 04:33:37,657 [INFO]   250/467 — candidatos: 41
2026-03-06 04:33:37,819 [INFO]   300/467 — candidatos: 51
2026-03-06 04:33:37,981 [INFO]   350/467 — candidatos: 59
2026-03-06 04:33:38,142 [INFO]   400/467 — candidatos: 66
2026-03-06 04:33:38,303 [INFO]   450/467 — candidatos: 73
2026-03-06 04:33:38,358 [INFO] Completo: 74 candidatos
2026-03-06 04:33:38,375 [INFO] Guardado: data/scan_cache.json
2026-03-06 04:33:38,375 [INFO] Tiempo: 5.3 min — OK
2026-03-09 04:47:35,745 [INFO] ============================================================
2026-03-09 04:47:35,745 [INFO] CAN SLIM Nightly Scan v4.0.1 — 2026-03-09 04:47 UTC
2026-03-09 04:47:35,831 [WARNING] Wikipedia no disponible: HTTP Error 403: Forbidden
2026-03-09 04:47:35,831 [INFO] Universo: 480 tickers
2026-03-09 04:47:35,832 [INFO] PASO 1/4 — Historico batch...
2026-03-09 04:47:38,323 [INFO]   Batch 1 — 50 descargados
2026-03-09 04:47:40,536 [INFO]   Batch 2 — 100 descargados
2026-03-09 04:47:42,823 [INFO]   Batch 3 — 150 descargados
2026-03-09 04:47:46,019 [INFO]   Batch 4 — 200 descargados
2026-03-09 04:47:49,346 [INFO]   Batch 5 — 250 descargados
2026-03-09 04:47:51,657 [INFO]   Batch 6 — 300 descargados
2026-03-09 04:47:55,079 [INFO]   Batch 7 — 350 descargados
2026-03-09 04:47:58,302 [INFO]   Batch 8 — 400 descargados
2026-03-09 04:48:01,220 [INFO]   Batch 9 — 450 descargados
2026-03-09 04:48:03,718 [INFO]   Batch 10 — 480 descargados
2026-03-09 04:48:03,718 [INFO] PASO 2/4 — Info fundamental...
2026-03-09 04:48:32,212 [INFO]   Info: 50/480
2026-03-09 04:49:02,688 [INFO]   Info: 100/480
2026-03-09 04:49:33,662 [INFO]   Info: 150/480
2026-03-09 04:50:04,168 [INFO]   Info: 200/480
2026-03-09 04:50:35,539 [INFO]   Info: 250/480
2026-03-09 04:51:06,561 [INFO]   Info: 300/480
2026-03-09 04:51:37,431 [INFO]   Info: 350/480
2026-03-09 04:52:08,467 [INFO]   Info: 400/480
2026-03-09 04:52:39,469 [INFO]   Info: 450/480
2026-03-09 04:52:58,921 [INFO]   480 tickers
2026-03-09 04:52:58,921 [INFO] PASO 3/4 — Pre-filtro...
2026-03-09 04:52:59,004 [INFO]   467 tickers
2026-03-09 04:52:59,004 [INFO] PASO 3b — SPY + RS + Market Score...
2026-03-09 04:52:59,649 [INFO]   Market: 40/100 MARKET IN TRANSITION
2026-03-09 04:52:59,649 [INFO] PASO 4/4 — Scores CAN SLIM...
2026-03-09 04:52:59,809 [INFO]   50/467 — candidatos: 8
2026-03-09 04:52:59,969 [INFO]   100/467 — candidatos: 13
2026-03-09 04:53:00,129 [INFO]   150/467 — candidatos: 22
2026-03-09 04:53:00,287 [INFO]   200/467 — candidatos: 31
2026-03-09 04:53:00,444 [INFO]   250/467 — candidatos: 41
2026-03-09 04:53:00,601 [INFO]   300/467 — candidatos: 50
2026-03-09 04:53:00,758 [INFO]   350/467 — candidatos: 58
2026-03-09 04:53:00,915 [INFO]   400/467 — candidatos: 66
2026-03-09 04:53:01,073 [INFO]   450/467 — candidatos: 72
2026-03-09 04:53:01,126 [INFO] Completo: 73 candidatos
2026-03-09 04:53:01,150 [INFO] Guardado: data/scan_cache.json
2026-03-09 04:53:01,150 [INFO] Tiempo: 5.4 min — OK
